<<<<<<< HEAD
ISim log file
Running: C:\Universidad\2\ElectronicaDigital\practica3\practica3\counter_isim_beh.exe -gui -tclbatch isim.cmd -wdb C:/Universidad/2/ElectronicaDigital/practica3/practica3/counter_isim_beh.wdb 
ISim M.70d (signature 0x16fbe694)
WARNING: A WEBPACK license was found.
WARNING: Please use Xilinx License Configuration Manager to check out a full ISim license.
WARNING: ISim will run in Lite mode. Please refer to the ISim documentation for more information on the differences between the Lite and the Full version.
This is a Lite version of ISim.
Time resolution is 1 ps
# onerror resume
# wave add /
# run 1000 ns
Simulator is doing circuit initialization process.
Finished circuit initialization process.
# run all
=======
 command line:
   ./testpractica3_isim_beh.exe
     -intstyle  ise
     -ipchost  localhost
     -ipcport  1799

Thu Oct 14 15:19:39 2010

Total Line Count : 87

 Elaboration time : 0 sec.

 Estimate current memory usage : 117.551 Meg. 

 Total Signals          : 21
 Total Nets             : 52
 Total Signal Drivers   : 14
 Total Blocks           : 8
 Total Primitive Blocks : 1
 Total Processes        : 14
 Total Traceable Variables  : 0
 Total Scalar Nets and Variables : 52
ntrace select -o on -n /testpractica3/mclk 
ntrace select -o on -n /testpractica3/btn 
ntrace select -o on -n /testpractica3/swt 
ntrace select -o on -n /testpractica3/led 
ntrace select -o on -n /testpractica3/an 
ntrace select -o on -n /testpractica3/ssg 
ntrace start 
isimrun 1000 ns 
Simulator is doing circuit initialization process.
WARNING:Simulator:29 - at 0 ns: Warning: There is an 'U'|'X'|'W'|'Z'|'-' in an
   arithmetic operand, the result will be 'X'(es).
Finished circuit initialization process.
isimrun all 
isimstop -s 
>>>>>>> TC
