Release 9.2i Map J.36
Xilinx Mapping Report File for Design 'entidad'

Design Information
------------------
Command Line   : C:\Archivos de programa\Xilinx ISE 9.2i\bin\nt\map.exe -ise
C:/MJ/2/ElectronicaDigital/practica3/practica3.ise -intstyle ise -p
xc3s400-ft256-4 -cm area -pr b -k 4 -c 100 -o entidad_map.ncd entidad.ngd
entidad.pcf 
Target Device  : xc3s400
Target Package : ft256
Target Speed   : -4
Mapper Version : spartan3 -- $Revision: 1.36 $
Mapped Date    : Thu Oct 28 13:49:26 2010

Design Summary
--------------
Number of errors:      0
Number of warnings:    7
Logic Utilization:
  Number of 4 input LUTs:              16 out of   7,168    1%
Logic Distribution:
  Number of occupied Slices:                            9 out of   3,584    1%
    Number of Slices containing only related logic:       9 out of       9  100%
    Number of Slices containing unrelated logic:          0 out of       9    0%
      *See NOTES below for an explanation of the effects of unrelated logic
Total Number of 4 input LUTs:          16 out of   7,168    1%
  Number of bonded IOBs:               33 out of     173   19%

Total equivalent gate count for design:  99
Additional JTAG gate count for IOBs:  1,584
Peak Memory Usage:  136 MB
Total REAL time to MAP completion:  1 secs 
Total CPU time to MAP completion:   1 secs 

NOTES:

   Related logic is defined as being logic that shares connectivity - e.g. two
   LUTs are "related" if they share common inputs.  When assembling slices,
   Map gives priority to combine logic that is related.  Doing so results in
   the best timing performance.

   Unrelated logic shares no connectivity.  Map will only begin packing
   unrelated logic into a slice once 99% of the slices are occupied through
   related logic packing.

   Note that once logic distribution reaches the 99% level through related
   logic packing, this does not mean the device is completely utilized.
   Unrelated logic packing will then begin, continuing until all usable LUTs
   and FFs are occupied.  Depending on your timing budget, increased levels of
   unrelated logic packing may adversely affect the overall timing performance
   of your design.

Table of Contents
-----------------
Section 1 - Errors
Section 2 - Warnings
Section 3 - Informational
Section 4 - Removed Logic Summary
Section 5 - Removed Logic
Section 6 - IOB Properties
Section 7 - RPMs
Section 8 - Guide Report
Section 9 - Area Group and Partition Summary
Section 10 - Modular Design Summary
Section 11 - Timing Report
Section 12 - Configuration String Information
Section 13 - Control Set Information

Section 1 - Errors
------------------

Section 2 - Warnings
--------------------
WARNING:LIT:243 - Logical network mclk_IBUF has no load.
WARNING:LIT:395 - The above warning message base_net_load_rule is repeated 4
   more times for the following (max. 5 shown):
   btn<3>_IBUF,
   btn<2>_IBUF,
   btn<1>_IBUF,
   btn<0>_IBUF
   To see the details of these warning messages, please use the -detail switch.
WARNING:PhysDesignRules:367 - The signal <btn<0>_IBUF> is incomplete. The signal
   does not drive any load pins in the design.
WARNING:PhysDesignRules:367 - The signal <btn<1>_IBUF> is incomplete. The signal
   does not drive any load pins in the design.
WARNING:PhysDesignRules:367 - The signal <btn<2>_IBUF> is incomplete. The signal
   does not drive any load pins in the design.
WARNING:PhysDesignRules:367 - The signal <btn<3>_IBUF> is incomplete. The signal
   does not drive any load pins in the design.
WARNING:PhysDesignRules:367 - The signal <mclk_IBUF> is incomplete. The signal
   does not drive any load pins in the design.

Section 3 - Informational
-------------------------
INFO:MapLib:562 - No environment variables are currently set.
INFO:LIT:244 - All of the single ended outputs in this design are using slew
   rate limited output drivers. The delay on speed critical single ended outputs
   can be dramatically reduced by designating them as fast outputs in the
   schematic.

Section 4 - Removed Logic Summary
---------------------------------
   2 block(s) optimized away

Section 5 - Removed Logic
-------------------------

Optimized Block(s):
TYPE 		BLOCK
GND 		XST_GND
VCC 		XST_VCC

Section 6 - IOB Properties
--------------------------

+------------------------------------------------------------------------------------------------------------------------+
| IOB Name                           | Type    | Direction | IO Standard | Drive    | Slew | Reg (s)  | Resistor | IOB   |
|                                    |         |           |             | Strength | Rate |          |          | Delay |
+------------------------------------------------------------------------------------------------------------------------+
| an<0>                              | IOB     | OUTPUT    | LVCMOS25    | 12       | SLOW |          |          |       |
| an<1>                              | IOB     | OUTPUT    | LVCMOS25    | 12       | SLOW |          |          |       |
| an<2>                              | IOB     | OUTPUT    | LVCMOS25    | 12       | SLOW |          |          |       |
| an<3>                              | IOB     | OUTPUT    | LVCMOS25    | 12       | SLOW |          |          |       |
| btn<0>                             | IOB     | INPUT     | LVCMOS25    |          |      |          |          |       |
| btn<1>                             | IOB     | INPUT     | LVCMOS25    |          |      |          |          |       |
| btn<2>                             | IOB     | INPUT     | LVCMOS25    |          |      |          |          |       |
| btn<3>                             | IOB     | INPUT     | LVCMOS25    |          |      |          |          |       |
| led<0>                             | IOB     | OUTPUT    | LVCMOS25    | 12       | SLOW |          |          |       |
| led<1>                             | IOB     | OUTPUT    | LVCMOS25    | 12       | SLOW |          |          |       |
| led<2>                             | IOB     | OUTPUT    | LVCMOS25    | 12       | SLOW |          |          |       |
| led<3>                             | IOB     | OUTPUT    | LVCMOS25    | 12       | SLOW |          |          |       |
| led<4>                             | IOB     | OUTPUT    | LVCMOS25    | 12       | SLOW |          |          |       |
| led<5>                             | IOB     | OUTPUT    | LVCMOS25    | 12       | SLOW |          |          |       |
| led<6>                             | IOB     | OUTPUT    | LVCMOS25    | 12       | SLOW |          |          |       |
| led<7>                             | IOB     | OUTPUT    | LVCMOS25    | 12       | SLOW |          |          |       |
| mclk                               | IOB     | INPUT     | LVCMOS25    |          |      |          |          |       |
| ssg<0>                             | IOB     | OUTPUT    | LVCMOS25    | 12       | SLOW |          |          |       |
| ssg<1>                             | IOB     | OUTPUT    | LVCMOS25    | 12       | SLOW |          |          |       |
| ssg<2>                             | IOB     | OUTPUT    | LVCMOS25    | 12       | SLOW |          |          |       |
| ssg<3>                             | IOB     | OUTPUT    | LVCMOS25    | 12       | SLOW |          |          |       |
| ssg<4>                             | IOB     | OUTPUT    | LVCMOS25    | 12       | SLOW |          |          |       |
| ssg<5>                             | IOB     | OUTPUT    | LVCMOS25    | 12       | SLOW |          |          |       |
| ssg<6>                             | IOB     | OUTPUT    | LVCMOS25    | 12       | SLOW |          |          |       |
| ssg<7>                             | IOB     | OUTPUT    | LVCMOS25    | 12       | SLOW |          |          |       |
| swt<0>                             | IOB     | INPUT     | LVCMOS25    |          |      |          |          |       |
| swt<1>                             | IOB     | INPUT     | LVCMOS25    |          |      |          |          |       |
| swt<2>                             | IOB     | INPUT     | LVCMOS25    |          |      |          |          |       |
| swt<3>                             | IOB     | INPUT     | LVCMOS25    |          |      |          |          |       |
| swt<4>                             | IOB     | INPUT     | LVCMOS25    |          |      |          |          |       |
| swt<5>                             | IOB     | INPUT     | LVCMOS25    |          |      |          |          |       |
| swt<6>                             | IOB     | INPUT     | LVCMOS25    |          |      |          |          |       |
| swt<7>                             | IOB     | INPUT     | LVCMOS25    |          |      |          |          |       |
+------------------------------------------------------------------------------------------------------------------------+

Section 7 - RPMs
----------------

Section 8 - Guide Report
------------------------
Guide not run on this design.

Section 9 - Area Group and Partition Summary
--------------------------------------------

Partition Implementation Status
-------------------------------

  No Partitions were found in this design.

-------------------------------

Area Group Information
----------------------

  No area groups were found in this design.


----------------------

Section 10 - Modular Design Summary
-----------------------------------
Modular Design not used for this design.

Section 11 - Timing Report
--------------------------
This design was not run using timing mode.

Section 12 - Configuration String Details
-----------------------------------------
Use the "-detail" map option to print out Configuration Strings

Section 13 - Control Set Information
------------------------------------
No control set information for this architecture.
