Release 9.2i - xst J.36
Copyright (c) 1995-2007 Xilinx, Inc.  All rights reserved.
--> Parameter TMPDIR set to ./xst/projnav.tmp
CPU : 0.00 / 0.27 s | Elapsed : 0.00 / 0.00 s
 
--> Parameter xsthdpdir set to ./xst
CPU : 0.00 / 0.27 s | Elapsed : 0.00 / 0.00 s
 
--> Reading design: entidad.prj

TABLE OF CONTENTS
  1) Synthesis Options Summary
  2) HDL Compilation
  3) Design Hierarchy Analysis
  4) HDL Analysis
  5) HDL Synthesis
     5.1) HDL Synthesis Report
  6) Advanced HDL Synthesis
     6.1) Advanced HDL Synthesis Report
  7) Low Level Synthesis
  8) Partition Report
  9) Final Report
     9.1) Device utilization summary
     9.2) Partition Resource Summary
     9.3) TIMING REPORT


=========================================================================
*                      Synthesis Options Summary                        *
=========================================================================
---- Source Parameters
Input File Name                    : "entidad.prj"
Input Format                       : mixed
Ignore Synthesis Constraint File   : NO

---- Target Parameters
Output File Name                   : "entidad"
Output Format                      : NGC
Target Device                      : xc3s200-4-ft256

---- Source Options
Top Module Name                    : entidad
Automatic FSM Extraction           : YES
FSM Encoding Algorithm             : Auto
Safe Implementation                : No
FSM Style                          : lut
RAM Extraction                     : Yes
RAM Style                          : Auto
ROM Extraction                     : Yes
Mux Style                          : Auto
Decoder Extraction                 : YES
Priority Encoder Extraction        : YES
Shift Register Extraction          : YES
Logical Shifter Extraction         : YES
XOR Collapsing                     : YES
ROM Style                          : Auto
Mux Extraction                     : YES
Resource Sharing                   : YES
Asynchronous To Synchronous        : NO
Multiplier Style                   : auto
Automatic Register Balancing       : No

---- Target Options
Add IO Buffers                     : YES
Global Maximum Fanout              : 500
Add Generic Clock Buffer(BUFG)     : 8
Register Duplication               : YES
Slice Packing                      : YES
Optimize Instantiated Primitives   : NO
Use Clock Enable                   : Yes
Use Synchronous Set                : Yes
Use Synchronous Reset              : Yes
Pack IO Registers into IOBs        : auto
Equivalent register Removal        : YES

---- General Options
Optimization Goal                  : Speed
Optimization Effort                : 1
Library Search Order               : entidad.lso
Keep Hierarchy                     : NO
RTL Output                         : Yes
Global Optimization                : AllClockNets
Read Cores                         : YES
Write Timing Constraints           : NO
Cross Clock Analysis               : NO
Hierarchy Separator                : /
Bus Delimiter                      : <>
Case Specifier                     : maintain
Slice Utilization Ratio            : 100
BRAM Utilization Ratio             : 100
Verilog 2001                       : YES
Auto BRAM Packing                  : NO
Slice Utilization Ratio Delta      : 5

=========================================================================


=========================================================================
*                          HDL Compilation                              *
=========================================================================
Compiling vhdl file "C:/MIJ/2/Electronica Digital/practica3/practica3/sumador.vhd" in Library work.
Entity <sumador> compiled.
Entity <sumador> (Architecture <behavioral>) compiled.
Compiling vhdl file "C:/MIJ/2/Electronica Digital/practica3/practica3/main3.vhd" in Library work.
Architecture behavioral of Entity entidad is up to date.

=========================================================================
*                     Design Hierarchy Analysis                         *
=========================================================================
Analyzing hierarchy for entity <entidad> in library <work> (architecture <behavioral>).

Analyzing hierarchy for entity <sumador> in library <work> (architecture <Behavioral>).


=========================================================================
*                            HDL Analysis                               *
=========================================================================
Analyzing Entity <entidad> in library <work> (Architecture <behavioral>).
INFO:Xst:1561 - "C:/MIJ/2/Electronica Digital/practica3/practica3/main3.vhd" line 104: Mux is complete : default of case is discarded
Entity <entidad> analyzed. Unit <entidad> generated.

Analyzing Entity <sumador> in library <work> (Architecture <Behavioral>).
WARNING:Xst:1610 - "C:/MIJ/2/Electronica Digital/practica3/practica3/sumador.vhd" line 42: Width mismatch. <suma> has a width of 4 bits but assigned expression is 3-bit wide.
Entity <sumador> analyzed. Unit <sumador> generated.


=========================================================================
*                           HDL Synthesis                               *
=========================================================================

Performing bidirectional port resolution...

Synthesizing Unit <sumador>.
    Related source file is "C:/MIJ/2/Electronica Digital/practica3/practica3/sumador.vhd".
WARNING:Xst:2734 - Property "use_dsp48" is not applicable for this technology.
    Found 3-bit adder for signal <suma$add0000> created at line 42.
    Summary:
	inferred   1 Adder/Subtractor(s).
Unit <sumador> synthesized.


Synthesizing Unit <entidad>.
    Related source file is "C:/MIJ/2/Electronica Digital/practica3/practica3/main3.vhd".
WARNING:Xst:647 - Input <btn> is never used.
WARNING:Xst:647 - Input <mclk> is never used.
    Found 16x8-bit ROM for signal <ssg>.
    Summary:
	inferred   1 ROM(s).
Unit <entidad> synthesized.


=========================================================================
HDL Synthesis Report

Macro Statistics
# ROMs                                                 : 1
 16x8-bit ROM                                          : 1
# Adders/Subtractors                                   : 1
 3-bit adder                                           : 1

=========================================================================

=========================================================================
*                       Advanced HDL Synthesis                          *
=========================================================================

Loading device for application Rf_Device from file '3s200.nph' in environment C:\Archivos de programa\Xilinx ISE 9.2i.

=========================================================================
Advanced HDL Synthesis Report

Macro Statistics
# ROMs                                                 : 1
 16x8-bit ROM                                          : 1
# Adders/Subtractors                                   : 1
 3-bit adder                                           : 1

=========================================================================

=========================================================================
*                         Low Level Synthesis                           *
=========================================================================

Optimizing unit <entidad> ...

Mapping all equations...
Building and optimizing final netlist ...
Found area constraint ratio of 100 (+ 5) on block entidad, actual ratio is 0.

Final Macro Processing ...

=========================================================================
Final Register Report

Found no macro
=========================================================================

=========================================================================
*                          Partition Report                             *
=========================================================================

Partition Implementation Status
-------------------------------

  No Partitions were found in this design.

-------------------------------

=========================================================================
*                            Final Report                               *
=========================================================================
Final Results
RTL Top Level Output File Name     : entidad.ngr
Top Level Output File Name         : entidad
Output Format                      : NGC
Optimization Goal                  : Speed
Keep Hierarchy                     : NO

Design Statistics
# IOs                              : 33

Cell Usage :
# BELS                             : 15
#      GND                         : 1
#      LUT2                        : 1
#      LUT3                        : 8
#      LUT4                        : 3
#      MUXF5                       : 1
#      VCC                         : 1
# IO Buffers                       : 28
#      IBUF                        : 8
#      OBUF                        : 20
=========================================================================

Device utilization summary:
---------------------------

Selected Device : 3s200ft256-4 

 Number of Slices:                       7  out of   1920     0%  
 Number of 4 input LUTs:                12  out of   3840     0%  
 Number of IOs:                         33
 Number of bonded IOBs:                 28  out of    173    16%  

---------------------------
Partition Resource Summary:
---------------------------

  No Partitions were found in this design.

---------------------------


=========================================================================
TIMING REPORT

NOTE: THESE TIMING NUMBERS ARE ONLY A SYNTHESIS ESTIMATE.
      FOR ACCURATE TIMING INFORMATION PLEASE REFER TO THE TRACE REPORT
      GENERATED AFTER PLACE-and-ROUTE.

Clock Information:
------------------
No clock signals found in this design

Asynchronous Control Signals Information:
----------------------------------------
No asynchronous control signals found in this design

Timing Summary:
---------------
Speed Grade: -4

   Minimum period: No path found
   Minimum input arrival time before clock: No path found
   Maximum output required time after clock: No path found
   Maximum combinational path delay: 12.407ns

Timing Detail:
--------------
All values displayed in nanoseconds (ns)

=========================================================================
Timing constraint: Default path analysis
  Total number of paths / destination ports: 127 / 15
-------------------------------------------------------------------------
Delay:               12.407ns (Levels of Logic = 5)
  Source:            swt<0> (PAD)
  Destination:       ssg<0> (PAD)

  Data Path: swt<0> to ssg<0>
                                Gate     Net
    Cell:in->out      fanout   Delay   Delay  Logical Name (Net Name)
    ----------------------------------------  ------------
     IBUF:I->O             4   0.821   1.256  swt_0_IBUF (led_0_OBUF)
     LUT4:I0->O            1   0.551   0.827  suma/Madd_suma_add0000_cy<1>11 (suma/Madd_suma_add0000_cy<1>)
     LUT4:I3->O            7   0.551   1.405  salida<2>1 (salida<2>)
     LUT3:I0->O            1   0.551   0.801  Mrom_ssg11 (Mrom_ssg)
     OBUF:I->O                 5.644          ssg_0_OBUF (ssg<0>)
    ----------------------------------------
    Total                     12.407ns (8.118ns logic, 4.289ns route)
                                       (65.4% logic, 34.6% route)

=========================================================================
CPU : 3.34 / 3.66 s | Elapsed : 3.00 / 3.00 s
 
--> 

Total memory usage is 136476 kilobytes

Number of errors   :    0 (   0 filtered)
Number of warnings :    4 (   0 filtered)
Number of infos    :    1 (   0 filtered)

