 command line:
   ./testpractica3_isim_beh.exe
     -intstyle  ise
     -ipchost  localhost
     -ipcport  1634

Thu Oct 14 15:12:35 2010

Total Line Count : 88

 Elaboration time : 0.015625 sec.

 Estimate current memory usage : 117.551 Meg. 

 Total Signals          : 21
 Total Nets             : 52
 Total Signal Drivers   : 14
 Total Blocks           : 8
 Total Primitive Blocks : 1
 Total Processes        : 14
 Total Traceable Variables  : 0
 Total Scalar Nets and Variables : 52
ntrace select -o on -n /testpractica3/mclk 
ntrace select -o on -n /testpractica3/btn 
ntrace select -o on -n /testpractica3/swt 
ntrace select -o on -n /testpractica3/led 
ntrace select -o on -n /testpractica3/an 
ntrace select -o on -n /testpractica3/ssg 
ntrace start 
isimrun 1000 ns 
Simulator is doing circuit initialization process.
WARNING:Simulator:29 - at 0 ns: Warning: There is an 'U'|'X'|'W'|'Z'|'-' in an
   arithmetic operand, the result will be 'X'(es).
isimrun all 
INFO:Simulator:30 - Simulator is stopped.
