Release 12.3 - xst M.70d (nt64)
Copyright (c) 1995-2010 Xilinx, Inc.  All rights reserved.
--> Parameter TMPDIR set to xst/projnav.tmp


Total REAL time to Xst completion: 0.00 secs
Total CPU time to Xst completion: 0.31 secs
 
--> Parameter xsthdpdir set to xst


Total REAL time to Xst completion: 0.00 secs
Total CPU time to Xst completion: 0.32 secs
 
--> Reading design: entidad.prj

TABLE OF CONTENTS
  1) Synthesis Options Summary
  2) HDL Compilation
  3) Design Hierarchy Analysis
  4) HDL Analysis
  5) HDL Synthesis
     5.1) HDL Synthesis Report
  6) Advanced HDL Synthesis
     6.1) Advanced HDL Synthesis Report
  7) Low Level Synthesis
  8) Partition Report
  9) Final Report
	9.1) Device utilization summary
	9.2) Partition Resource Summary
	9.3) TIMING REPORT


=========================================================================
*                      Synthesis Options Summary                        *
=========================================================================
---- Source Parameters
Input File Name                    : "entidad.prj"
Input Format                       : mixed
Ignore Synthesis Constraint File   : NO

---- Target Parameters
Output File Name                   : "entidad"
Output Format                      : NGC
Target Device                      : xc3s200-4-ft256

---- Source Options
Top Module Name                    : entidad
Automatic FSM Extraction           : YES
FSM Encoding Algorithm             : Auto
Safe Implementation                : No
FSM Style                          : LUT
RAM Extraction                     : Yes
RAM Style                          : Auto
ROM Extraction                     : Yes
Mux Style                          : Auto
Decoder Extraction                 : YES
Priority Encoder Extraction        : Yes
Shift Register Extraction          : YES
Logical Shifter Extraction         : YES
XOR Collapsing                     : YES
ROM Style                          : Auto
Mux Extraction                     : Yes
Resource Sharing                   : YES
Asynchronous To Synchronous        : NO
Multiplier Style                   : Auto
Automatic Register Balancing       : No

---- Target Options
Add IO Buffers                     : YES
Global Maximum Fanout              : 500
Add Generic Clock Buffer(BUFG)     : 8
Register Duplication               : YES
Slice Packing                      : YES
Optimize Instantiated Primitives   : NO
Use Clock Enable                   : Yes
Use Synchronous Set                : Yes
Use Synchronous Reset              : Yes
Pack IO Registers into IOBs        : Auto
Equivalent register Removal        : YES

---- General Options
Optimization Goal                  : Speed
Optimization Effort                : 1
Keep Hierarchy                     : No
Netlist Hierarchy                  : As_Optimized
RTL Output                         : Yes
Global Optimization                : AllClockNets
Read Cores                         : YES
Write Timing Constraints           : NO
Cross Clock Analysis               : NO
Hierarchy Separator                : /
Bus Delimiter                      : <>
Case Specifier                     : Maintain
Slice Utilization Ratio            : 100
BRAM Utilization Ratio             : 100
Verilog 2001                       : YES
Auto BRAM Packing                  : NO
Slice Utilization Ratio Delta      : 5

=========================================================================


=========================================================================
*                          HDL Compilation                              *
=========================================================================
Compiling vhdl file "C:/Universidad/2/ElectronicaDigital/practica3/practica3/sumador.vhd" in Library work.
Entity <sumador> compiled.
Entity <sumador> (Architecture <Behavioral>) compiled.
Compiling vhdl file "C:/Universidad/2/ElectronicaDigital/practica3/practica3/main3.vhd" in Library work.
Entity <entidad> compiled.
Entity <entidad> (Architecture <Behavioral>) compiled.

=========================================================================
*                     Design Hierarchy Analysis                         *
=========================================================================
Analyzing hierarchy for entity <entidad> in library <work> (architecture <Behavioral>).

Analyzing hierarchy for entity <sumador> in library <work> (architecture <Behavioral>).


=========================================================================
*                            HDL Analysis                               *
=========================================================================
Analyzing Entity <entidad> in library <work> (Architecture <Behavioral>).
INFO:Xst:1561 - "C:/Universidad/2/ElectronicaDigital/practica3/practica3/main3.vhd" line 102: Mux is complete : default of case is discarded
Entity <entidad> analyzed. Unit <entidad> generated.

Analyzing Entity <sumador> in library <work> (Architecture <Behavioral>).
Entity <sumador> analyzed. Unit <sumador> generated.


=========================================================================
*                           HDL Synthesis                               *
=========================================================================

Performing bidirectional port resolution...

Synthesizing Unit <sumador>.
    Related source file is "C:/Universidad/2/ElectronicaDigital/practica3/practica3/sumador.vhd".
    Found 4-bit adder for signal <suma>.
    Summary:
	inferred   1 Adder/Subtractor(s).
Unit <sumador> synthesized.


Synthesizing Unit <entidad>.
    Related source file is "C:/Universidad/2/ElectronicaDigital/practica3/practica3/main3.vhd".
WARNING:Xst:647 - Input <btn> is never used. This port will be preserved and left unconnected if it belongs to a top-level block or it belongs to a sub-block and the hierarchy of this sub-block is preserved.
WARNING:Xst:647 - Input <mclk> is never used. This port will be preserved and left unconnected if it belongs to a top-level block or it belongs to a sub-block and the hierarchy of this sub-block is preserved.
    Found 16x8-bit ROM for signal <ssg>.
    Summary:
	inferred   1 ROM(s).
Unit <entidad> synthesized.


=========================================================================
HDL Synthesis Report

Macro Statistics
# ROMs                                                 : 1
 16x8-bit ROM                                          : 1
# Adders/Subtractors                                   : 1
 4-bit adder                                           : 1

=========================================================================

=========================================================================
*                       Advanced HDL Synthesis                          *
=========================================================================


=========================================================================
Advanced HDL Synthesis Report

Macro Statistics
# ROMs                                                 : 1
 16x8-bit ROM                                          : 1
# Adders/Subtractors                                   : 1
 4-bit adder                                           : 1

=========================================================================

=========================================================================
*                         Low Level Synthesis                           *
=========================================================================

Optimizing unit <entidad> ...

Mapping all equations...
Building and optimizing final netlist ...
Found area constraint ratio of 100 (+ 5) on block entidad, actual ratio is 0.

Final Macro Processing ...

=========================================================================
Final Register Report

Found no macro
=========================================================================

=========================================================================
*                           Partition Report                            *
=========================================================================

Partition Implementation Status
-------------------------------

  No Partitions were found in this design.

-------------------------------

=========================================================================
*                            Final Report                               *
=========================================================================
Final Results
RTL Top Level Output File Name     : entidad.ngr
Top Level Output File Name         : entidad
Output Format                      : NGC
Optimization Goal                  : Speed
Keep Hierarchy                     : No

Design Statistics
# IOs                              : 33

Cell Usage :
# BELS                             : 17
#      GND                         : 1
#      LUT2                        : 1
#      LUT3                        : 2
#      LUT4                        : 11
#      MUXF5                       : 1
#      VCC                         : 1
# IO Buffers                       : 28
#      IBUF                        : 8
#      OBUF                        : 20
=========================================================================

Device utilization summary:
---------------------------

Selected Device : 3s200ft256-4 

 Number of Slices:                        8  out of   1920     0%  
 Number of 4 input LUTs:                 14  out of   3840     0%  
 Number of IOs:                          33
 Number of bonded IOBs:                  28  out of    173    16%  

---------------------------
Partition Resource Summary:
---------------------------

  No Partitions were found in this design.

---------------------------


=========================================================================
TIMING REPORT

NOTE: THESE TIMING NUMBERS ARE ONLY A SYNTHESIS ESTIMATE.
      FOR ACCURATE TIMING INFORMATION PLEASE REFER TO THE TRACE REPORT
      GENERATED AFTER PLACE-and-ROUTE.

Clock Information:
------------------
No clock signals found in this design

Asynchronous Control Signals Information:
----------------------------------------
No asynchronous control signals found in this design

Timing Summary:
---------------
Speed Grade: -4

   Minimum period: No path found
   Minimum input arrival time before clock: No path found
   Maximum output required time after clock: No path found
   Maximum combinational path delay: 12.500ns

Timing Detail:
--------------
All values displayed in nanoseconds (ns)

=========================================================================
Timing constraint: Default path analysis
  Total number of paths / destination ports: 197 / 16
-------------------------------------------------------------------------
Delay:               12.500ns (Levels of Logic = 5)
  Source:            swt<1> (PAD)
  Destination:       ssg<7> (PAD)

  Data Path: swt<1> to ssg<7>
                                Gate     Net
    Cell:in->out      fanout   Delay   Delay  Logical Name (Net Name)
    ----------------------------------------  ------------
     IBUF:I->O             4   0.821   1.256  swt_1_IBUF (led_1_OBUF)
     LUT4:I0->O            2   0.551   0.903  salida<2>_SW2 (N17)
     LUT4:I3->O            8   0.551   1.422  salida<2> (salida<2>)
     LUT4:I0->O            1   0.551   0.801  Mrom_ssg21 (ssg_2_OBUF)
     OBUF:I->O                 5.644          ssg_2_OBUF (ssg<2>)
    ----------------------------------------
    Total                     12.500ns (8.118ns logic, 4.382ns route)
                                       (64.9% logic, 35.1% route)

=========================================================================


Total REAL time to Xst completion: 6.00 secs
Total CPU time to Xst completion: 5.95 secs
 
--> 

Total memory usage is 242572 kilobytes

Number of errors   :    0 (   0 filtered)
Number of warnings :    2 (   0 filtered)
Number of infos    :    1 (   0 filtered)

